# vsim -voptargs="+acc" -work ./work ppa_tb -l run.log -sv_seed 1 -c -do "run -all; quit -f" 
# Start time: 20:59:03 on May 12,2026
# ** Note: (vsim-8009) Loading existing optimized design _opt
# //  Questa Sim-64
# //  Version 2021.1 win64 Jan 19 2021
# //
# //  Copyright 1991-2021 Mentor Graphics Corporation
# //  All Rights Reserved.
# //
# //  QuestaSim and its associated documentation contain trade
# //  secrets and commercial or financial information that are the property of
# //  Mentor Graphics Corporation and are privileged, confidential,
# //  and exempt from disclosure under the Freedom of Information Act,
# //  5 U.S.C. Section 552. Furthermore, this information
# //  is prohibited from disclosure under the Trade Secrets Act,
# //  18 U.S.C. Section 1905.
# //
# Loading sv_std.std
# Loading work.ppa_tb(fast)
# Loading work.ppa_top(fast)
# Loading work.ppa_apb_slave_if(fast)
# Loading work.ppa_packet_sram(fast)
# Loading work.ppa_packet_proc_core(fast)
# run -all
# 
# ========== TC1: tc_e2e_basic ==========
# [PASS] TC1 RES_PKT_LEN: got 0x00000008
# [PASS] TC1 RES_PKT_TYPE: got 0x00000002
# [PASS] TC1 RES_PAYLOAD_SUM: got 0x0000000a
# [PASS] TC1 RES_PAYLOAD_XOR: got 0x00000004
# [PASS] TC1 STATUS (done+format_ok): got 0x0000000a
# [PASS] TC1 ERR_FLAG (clean): got 0x00000000
# 
# ========== TC2: tc_two_frames ==========
# [PASS] TC2 Frame2 RES_PKT_LEN: got 0x00000004
# [PASS] TC2 Frame2 RES_PKT_TYPE: got 0x00000001
# [PASS] TC2 Frame2 RES_PAYLOAD_SUM: got 0x00000000
# [PASS] TC2 Frame2 STATUS (done+format_ok): got 0x0000000a
# 
# ========== TC3: tc_status_bus ==========
# [PASS] TC3 STATUS[1:0] during busy: got 0x00000001
# [PASS] TC3 STATUS[1:0] during done: got 0x00000002
# 
# ========== TC4: tc_e2e_max_packet ==========
# [PASS] TC4 RES_PKT_LEN: got 0x00000020
# [PASS] TC4 RES_PKT_TYPE: got 0x00000004
# [PASS] TC4 RES_PAYLOAD_SUM: got 0x00000096
# [PASS] TC4 RES_PAYLOAD_XOR: got 0x0000001c
# [PASS] TC4 STATUS: got 0x0000000a
# [PASS] TC4 ERR_FLAG: got 0x00000000
# 
# ========== TC5: tc_e2e_error_length ==========
# [PASS] TC5 ERR_FLAG[0] length_error: got 0x00000001
# [PASS] TC5 STATUS (done+error): got 0x00000006
# 
# ========== TC6: tc_e2e_error_type ==========
# [PASS] TC6 ERR_FLAG[1] type_error: got 0x00000002
# [PASS] TC6 STATUS (done+error): got 0x00000006
# 
# ========== TC7: tc_e2e_chk_error ==========
# [PASS] TC7 ERR_FLAG[2] chk_error: got 0x00000004
# [PASS] TC7 STATUS (done+error): got 0x00000006
# 
# ========== TC8: tc_e2e_algo_bypass ==========
# [PASS] TC8 ERR_FLAG (no chk_error): got 0x00000000
# [PASS] TC8 STATUS (format_ok=1): got 0x0000000a
# 
# ========== TC9: tc_busy_write_protect ==========
# [PASS] TC9 PSLVERR during busy: got 0x00000001
# [PASS] TC9 PKT_MEM Word1 unchanged: got 0xaaaaaaaa
# 
# ========== TC10: tc_irq_path_e2e ==========
# [PASS] TC10 irq_o asserted: got 0x00000001
# [PASS] TC10 IRQ_STA[0] done_irq: got 0x00000001
# [PASS] TC10 irq_o deasserted: got 0x00000000
# [PASS] TC10 IRQ_STA cleared: got 0x00000000
# 
# ========== TC11: tc_pkt_mem_readback ==========
# [PASS] TC11 PKT_MEM Word0 readback: got 0x11111111
# [PASS] TC11 PKT_MEM Word1 readback: got 0x22222222
# [PASS] TC11 PKT_MEM Word2 readback: got 0x33333333
# [PASS] TC11 PKT_MEM Word3 readback: got 0x44444444
# [PASS] TC11 PKT_MEM Word4 readback: got 0x55555555
# [PASS] TC11 PKT_MEM Word5 readback: got 0x66666666
# [PASS] TC11 PKT_MEM Word6 readback: got 0x77777777
# [PASS] TC11 PKT_MEM Word7 readback: got 0x88888888
# 
# ========== Test Summary ==========
# PASS: 40
# FAIL: 0
# ALL TESTS PASSED
# ** Note: $finish    : ./../tb/ppa_tb.sv(448)
#    Time: 3235 ns  Iteration: 1  Instance: /ppa_tb
# End time: 20:59:07 on May 12,2026, Elapsed time: 0:00:04
# Errors: 0, Warnings: 0
